{"/workspaces/clone-tabnews/infra/database.js": {"path":"/workspaces/clone-tabnews/infra/database.js","statementMap":{"0":{"start":{"line":42,"column":0},"end":{"line":42,"column":15}},"1":{"start":{"line":1,"column":23},"end":{"line":1,"column":null}},"2":{"start":{"line":2,"column":29},"end":{"line":2,"column":null}},"3":{"start":{"line":7,"column":2},"end":{"line":19,"column":null}},"4":{"start":{"line":8,"column":4},"end":{"line":8,"column":null}},"5":{"start":{"line":9,"column":19},"end":{"line":9,"column":null}},"6":{"start":{"line":10,"column":4},"end":{"line":10,"column":null}},"7":{"start":{"line":12,"column":31},"end":{"line":15,"column":null}},"8":{"start":{"line":16,"column":4},"end":{"line":16,"column":null}},"9":{"start":{"line":18,"column":4},"end":{"line":18,"column":null}},"10":{"start":{"line":23,"column":17},"end":{"line":30,"column":null}},"11":{"start":{"line":32,"column":2},"end":{"line":32,"column":null}},"12":{"start":{"line":34,"column":2},"end":{"line":34,"column":null}},"13":{"start":{"line":37,"column":17},"end":{"line":40,"column":null}},"14":{"start":{"line":42,"column":15},"end":{"line":42,"column":null}}},"fnMap":{"0":{"name":"query","decl":{"start":{"line":4,"column":15},"end":{"line":4,"column":21}},"loc":{"start":{"line":4,"column":32},"end":{"line":20,"column":null}}},"1":{"name":"getNewClient","decl":{"start":{"line":22,"column":15},"end":{"line":22,"column":null}},"loc":{"start":{"line":22,"column":15},"end":{"line":35,"column":null}}}},"branchMap":{},"s":{"0":48,"1":8,"2":8,"3":44,"4":44,"5":44,"6":44,"7":0,"8":0,"9":44,"10":48,"11":48,"12":48,"13":8,"14":8},"f":{"0":44,"1":48},"b":{}}
,"/workspaces/clone-tabnews/infra/errors.js": {"path":"/workspaces/clone-tabnews/infra/errors.js","statementMap":{"0":{"start":{"line":1,"column":13},"end":{"line":1,"column":32}},"1":{"start":{"line":100,"column":13},"end":{"line":100,"column":34}},"2":{"start":{"line":39,"column":13},"end":{"line":39,"column":26}},"3":{"start":{"line":80,"column":13},"end":{"line":80,"column":25}},"4":{"start":{"line":60,"column":13},"end":{"line":60,"column":30}},"5":{"start":{"line":21,"column":13},"end":{"line":21,"column":28}},"6":{"start":{"line":3,"column":4},"end":{"line":5,"column":null}},"7":{"start":{"line":6,"column":4},"end":{"line":6,"column":null}},"8":{"start":{"line":7,"column":4},"end":{"line":7,"column":null}},"9":{"start":{"line":8,"column":4},"end":{"line":8,"column":null}},"10":{"start":{"line":12,"column":4},"end":{"line":17,"column":null}},"11":{"start":{"line":23,"column":4},"end":{"line":23,"column":null}},"12":{"start":{"line":24,"column":4},"end":{"line":24,"column":null}},"13":{"start":{"line":25,"column":4},"end":{"line":25,"column":null}},"14":{"start":{"line":26,"column":4},"end":{"line":26,"column":null}},"15":{"start":{"line":30,"column":4},"end":{"line":35,"column":null}},"16":{"start":{"line":41,"column":4},"end":{"line":43,"column":null}},"17":{"start":{"line":44,"column":4},"end":{"line":44,"column":null}},"18":{"start":{"line":45,"column":4},"end":{"line":46,"column":null}},"19":{"start":{"line":47,"column":4},"end":{"line":47,"column":null}},"20":{"start":{"line":51,"column":4},"end":{"line":56,"column":null}},"21":{"start":{"line":62,"column":4},"end":{"line":64,"column":null}},"22":{"start":{"line":65,"column":4},"end":{"line":65,"column":null}},"23":{"start":{"line":66,"column":4},"end":{"line":66,"column":null}},"24":{"start":{"line":67,"column":4},"end":{"line":67,"column":null}},"25":{"start":{"line":71,"column":4},"end":{"line":76,"column":null}},"26":{"start":{"line":82,"column":4},"end":{"line":84,"column":null}},"27":{"start":{"line":85,"column":4},"end":{"line":85,"column":null}},"28":{"start":{"line":86,"column":4},"end":{"line":86,"column":null}},"29":{"start":{"line":87,"column":4},"end":{"line":87,"column":null}},"30":{"start":{"line":91,"column":4},"end":{"line":96,"column":null}},"31":{"start":{"line":102,"column":4},"end":{"line":102,"column":null}},"32":{"start":{"line":103,"column":4},"end":{"line":103,"column":null}},"33":{"start":{"line":104,"column":4},"end":{"line":105,"column":null}},"34":{"start":{"line":106,"column":4},"end":{"line":106,"column":null}},"35":{"start":{"line":110,"column":4},"end":{"line":115,"column":null}}},"fnMap":{"0":{"name":"(anonymous_7)","decl":{"start":{"line":2,"column":2},"end":{"line":2,"column":14}},"loc":{"start":{"line":2,"column":37},"end":{"line":9,"column":null}}},"1":{"name":"(anonymous_8)","decl":{"start":{"line":11,"column":2},"end":{"line":11,"column":11}},"loc":{"start":{"line":11,"column":11},"end":{"line":18,"column":null}}},"2":{"name":"(anonymous_9)","decl":{"start":{"line":22,"column":2},"end":{"line":22,"column":14}},"loc":{"start":{"line":22,"column":42},"end":{"line":27,"column":null}}},"3":{"name":"(anonymous_10)","decl":{"start":{"line":29,"column":2},"end":{"line":29,"column":11}},"loc":{"start":{"line":29,"column":11},"end":{"line":36,"column":null}}},"4":{"name":"(anonymous_11)","decl":{"start":{"line":40,"column":2},"end":{"line":40,"column":14}},"loc":{"start":{"line":40,"column":42},"end":{"line":48,"column":null}}},"5":{"name":"(anonymous_12)","decl":{"start":{"line":50,"column":2},"end":{"line":50,"column":11}},"loc":{"start":{"line":50,"column":11},"end":{"line":57,"column":null}}},"6":{"name":"(anonymous_13)","decl":{"start":{"line":61,"column":2},"end":{"line":61,"column":14}},"loc":{"start":{"line":61,"column":42},"end":{"line":68,"column":null}}},"7":{"name":"(anonymous_14)","decl":{"start":{"line":70,"column":2},"end":{"line":70,"column":11}},"loc":{"start":{"line":70,"column":11},"end":{"line":77,"column":null}}},"8":{"name":"(anonymous_15)","decl":{"start":{"line":81,"column":2},"end":{"line":81,"column":14}},"loc":{"start":{"line":81,"column":34},"end":{"line":88,"column":null}}},"9":{"name":"(anonymous_16)","decl":{"start":{"line":90,"column":2},"end":{"line":90,"column":11}},"loc":{"start":{"line":90,"column":11},"end":{"line":97,"column":null}}},"10":{"name":"(anonymous_17)","decl":{"start":{"line":101,"column":2},"end":{"line":101,"column":16}},"loc":{"start":{"line":101,"column":16},"end":{"line":107,"column":null}}},"11":{"name":"(anonymous_18)","decl":{"start":{"line":109,"column":2},"end":{"line":109,"column":11}},"loc":{"start":{"line":109,"column":11},"end":{"line":116,"column":null}}}},"branchMap":{"0":{"loc":{"start":{"line":8,"column":22},"end":{"line":8,"column":null}},"type":"binary-expr","locations":[{"start":{"line":8,"column":22},"end":{"line":8,"column":36}},{"start":{"line":8,"column":36},"end":{"line":8,"column":null}}]},"1":{"loc":{"start":{"line":23,"column":10},"end":{"line":23,"column":56}},"type":"binary-expr","locations":[{"start":{"line":23,"column":10},"end":{"line":23,"column":21}},{"start":{"line":23,"column":21},"end":{"line":23,"column":56}}]},"2":{"loc":{"start":{"line":25,"column":18},"end":{"line":25,"column":null}},"type":"binary-expr","locations":[{"start":{"line":25,"column":18},"end":{"line":25,"column":28}},{"start":{"line":25,"column":28},"end":{"line":25,"column":null}}]},"3":{"loc":{"start":{"line":41,"column":10},"end":{"line":41,"column":75}},"type":"binary-expr","locations":[{"start":{"line":41,"column":10},"end":{"line":41,"column":21}},{"start":{"line":41,"column":21},"end":{"line":41,"column":75}}]},"4":{"loc":{"start":{"line":46,"column":6},"end":{"line":46,"column":null}},"type":"binary-expr","locations":[{"start":{"line":46,"column":6},"end":{"line":46,"column":16}},{"start":{"line":46,"column":16},"end":{"line":46,"column":null}}]},"5":{"loc":{"start":{"line":62,"column":10},"end":{"line":62,"column":49}},"type":"binary-expr","locations":[{"start":{"line":62,"column":10},"end":{"line":62,"column":21}},{"start":{"line":62,"column":21},"end":{"line":62,"column":49}}]},"6":{"loc":{"start":{"line":66,"column":18},"end":{"line":66,"column":null}},"type":"binary-expr","locations":[{"start":{"line":66,"column":18},"end":{"line":66,"column":28}},{"start":{"line":66,"column":28},"end":{"line":66,"column":null}}]},"7":{"loc":{"start":{"line":82,"column":10},"end":{"line":82,"column":57}},"type":"binary-expr","locations":[{"start":{"line":82,"column":10},"end":{"line":82,"column":21}},{"start":{"line":82,"column":21},"end":{"line":82,"column":57}}]}},"s":{"0":0,"1":0,"2":0,"3":0,"4":0,"5":0,"6":0,"7":0,"8":0,"9":0,"10":0,"11":0,"12":0,"13":0,"14":0,"15":0,"16":0,"17":0,"18":0,"19":0,"20":0,"21":0,"22":0,"23":0,"24":0,"25":0,"26":0,"27":0,"28":0,"29":0,"30":0,"31":0,"32":0,"33":0,"34":0,"35":0},"f":{"0":0,"1":0,"2":0,"3":0,"4":0,"5":0,"6":0,"7":0,"8":0,"9":0,"10":0,"11":0},"b":{"0":[0,0],"1":[0,0],"2":[0,0],"3":[0,0],"4":[0,0],"5":[0,0],"6":[0,0],"7":[0,0]}}
,"/workspaces/clone-tabnews/infra/migrations/1764286954345_create-users.js": {"path":"/workspaces/clone-tabnews/infra/migrations/1764286954345_create-users.js","statementMap":{"0":{"start":{"line":1,"column":0},"end":{"line":34,"column":null}},"1":{"start":{"line":2,"column":2},"end":{"line":33,"column":null}},"2":{"start":{"line":36,"column":0},"end":{"line":36,"column":null}}},"fnMap":{"0":{"name":"(anonymous_0)","decl":{"start":{"line":1,"column":13},"end":{"line":1,"column":14}},"loc":{"start":{"line":1,"column":14},"end":{"line":34,"column":null}}}},"branchMap":{},"s":{"0":4,"1":4,"2":4},"f":{"0":4},"b":{}}
,"/workspaces/clone-tabnews/infra/migrations/1765138952201_create-sessions.js": {"path":"/workspaces/clone-tabnews/infra/migrations/1765138952201_create-sessions.js","statementMap":{"0":{"start":{"line":1,"column":0},"end":{"line":32,"column":null}},"1":{"start":{"line":2,"column":2},"end":{"line":31,"column":null}},"2":{"start":{"line":34,"column":0},"end":{"line":34,"column":null}}},"fnMap":{"0":{"name":"(anonymous_0)","decl":{"start":{"line":1,"column":13},"end":{"line":1,"column":14}},"loc":{"start":{"line":1,"column":14},"end":{"line":32,"column":null}}}},"branchMap":{},"s":{"0":4,"1":4,"2":4},"f":{"0":4},"b":{}}
,"/workspaces/clone-tabnews/models/migrator.js": {"path":"/workspaces/clone-tabnews/models/migrator.js","statementMap":{"0":{"start":{"line":52,"column":0},"end":{"line":52,"column":15}},"1":{"start":{"line":1,"column":21},"end":{"line":1,"column":null}},"2":{"start":{"line":2,"column":29},"end":{"line":2,"column":null}},"3":{"start":{"line":3,"column":28},"end":{"line":3,"column":null}},"4":{"start":{"line":4,"column":24},"end":{"line":4,"column":null}},"5":{"start":{"line":6,"column":32},"end":{"line":11,"column":null}},"6":{"start":{"line":16,"column":2},"end":{"line":36,"column":null}},"7":{"start":{"line":17,"column":4},"end":{"line":17,"column":null}},"8":{"start":{"line":19,"column":30},"end":{"line":23,"column":null}},"9":{"start":{"line":24,"column":4},"end":{"line":24,"column":null}},"10":{"start":{"line":26,"column":4},"end":{"line":26,"column":null}},"11":{"start":{"line":28,"column":20},"end":{"line":30,"column":null}},"12":{"start":{"line":32,"column":31},"end":{"line":32,"column":null}},"13":{"start":{"line":33,"column":4},"end":{"line":33,"column":null}},"14":{"start":{"line":35,"column":4},"end":{"line":35,"column":null}},"15":{"start":{"line":40,"column":2},"end":{"line":40,"column":null}},"16":{"start":{"line":44,"column":2},"end":{"line":44,"column":null}},"17":{"start":{"line":47,"column":17},"end":{"line":50,"column":null}},"18":{"start":{"line":52,"column":15},"end":{"line":52,"column":null}}},"fnMap":{"0":{"name":"(anonymous_2)","decl":{"start":{"line":10,"column":7},"end":{"line":10,"column":14}},"loc":{"start":{"line":10,"column":7},"end":{"line":10,"column":null}}},"1":{"name":"migrationsRunner","decl":{"start":{"line":13,"column":15},"end":{"line":13,"column":32}},"loc":{"start":{"line":13,"column":54},"end":{"line":37,"column":null}}},"2":{"name":"listPendingMigrations","decl":{"start":{"line":39,"column":15},"end":{"line":39,"column":null}},"loc":{"start":{"line":39,"column":15},"end":{"line":41,"column":null}}},"3":{"name":"runPendingMigrations","decl":{"start":{"line":43,"column":15},"end":{"line":43,"column":null}},"loc":{"start":{"line":43,"column":15},"end":{"line":45,"column":null}}}},"branchMap":{"0":{"loc":{"start":{"line":13,"column":32},"end":{"line":13,"column":54}},"type":"default-arg","locations":[{"start":{"line":13,"column":52},"end":{"line":13,"column":54}}]},"1":{"loc":{"start":{"line":13,"column":34},"end":{"line":13,"column":47}},"type":"default-arg","locations":[{"start":{"line":13,"column":43},"end":{"line":13,"column":47}}]},"2":{"loc":{"start":{"line":28,"column":20},"end":{"line":30,"column":null}},"type":"cond-expr","locations":[{"start":{"line":29,"column":8},"end":{"line":29,"column":null}},{"start":{"line":30,"column":8},"end":{"line":30,"column":null}}]}},"s":{"0":4,"1":8,"2":8,"3":8,"4":8,"5":8,"6":4,"7":4,"8":4,"9":4,"10":4,"11":0,"12":0,"13":0,"14":4,"15":0,"16":4,"17":8,"18":8},"f":{"0":20,"1":4,"2":0,"3":4},"b":{"0":[0],"1":[0],"2":[0,0]}}
,"/workspaces/clone-tabnews/models/password.js": {"path":"/workspaces/clone-tabnews/models/password.js","statementMap":{"0":{"start":{"line":17,"column":0},"end":{"line":17,"column":15}},"1":{"start":{"line":1,"column":21},"end":{"line":1,"column":null}},"2":{"start":{"line":4,"column":17},"end":{"line":4,"column":null}},"3":{"start":{"line":5,"column":2},"end":{"line":5,"column":null}},"4":{"start":{"line":9,"column":2},"end":{"line":9,"column":null}},"5":{"start":{"line":12,"column":17},"end":{"line":15,"column":null}},"6":{"start":{"line":17,"column":15},"end":{"line":17,"column":null}}},"fnMap":{"0":{"name":"hash","decl":{"start":{"line":3,"column":15},"end":{"line":3,"column":20}},"loc":{"start":{"line":3,"column":28},"end":{"line":6,"column":null}}},"1":{"name":"compare","decl":{"start":{"line":8,"column":15},"end":{"line":8,"column":23}},"loc":{"start":{"line":8,"column":54},"end":{"line":10,"column":null}}}},"branchMap":{},"s":{"0":16,"1":8,"2":12,"3":12,"4":4,"5":8,"6":8},"f":{"0":12,"1":4},"b":{}}
,"/workspaces/clone-tabnews/models/session.js": {"path":"/workspaces/clone-tabnews/models/session.js","statementMap":{"0":{"start":{"line":35,"column":0},"end":{"line":35,"column":15}},"1":{"start":{"line":1,"column":19},"end":{"line":1,"column":null}},"2":{"start":{"line":2,"column":21},"end":{"line":2,"column":null}},"3":{"start":{"line":4,"column":35},"end":{"line":4,"column":61}},"4":{"start":{"line":7,"column":16},"end":{"line":7,"column":null}},"5":{"start":{"line":8,"column":20},"end":{"line":8,"column":null}},"6":{"start":{"line":10,"column":21},"end":{"line":10,"column":null}},"7":{"start":{"line":11,"column":2},"end":{"line":11,"column":null}},"8":{"start":{"line":14,"column":20},"end":{"line":24,"column":null}},"9":{"start":{"line":26,"column":4},"end":{"line":26,"column":null}},"10":{"start":{"line":30,"column":16},"end":{"line":33,"column":null}},"11":{"start":{"line":35,"column":15},"end":{"line":35,"column":null}}},"fnMap":{"0":{"name":"create","decl":{"start":{"line":6,"column":15},"end":{"line":6,"column":22}},"loc":{"start":{"line":6,"column":28},"end":{"line":28,"column":null}}},"1":{"name":"runInsertQuery","decl":{"start":{"line":13,"column":17},"end":{"line":13,"column":32}},"loc":{"start":{"line":13,"column":56},"end":{"line":27,"column":null}}}},"branchMap":{},"s":{"0":2,"1":1,"2":1,"3":1,"4":0,"5":0,"6":0,"7":0,"8":0,"9":0,"10":1,"11":1},"f":{"0":0,"1":0},"b":{}}
,"/workspaces/clone-tabnews/models/user.js": {"path":"/workspaces/clone-tabnews/models/user.js","statementMap":{"0":{"start":{"line":201,"column":0},"end":{"line":201,"column":15}},"1":{"start":{"line":1,"column":21},"end":{"line":1,"column":null}},"2":{"start":{"line":2,"column":21},"end":{"line":2,"column":null}},"3":{"start":{"line":3,"column":47},"end":{"line":3,"column":null}},"4":{"start":{"line":6,"column":20},"end":{"line":6,"column":null}},"5":{"start":{"line":8,"column":2},"end":{"line":8,"column":null}},"6":{"start":{"line":11,"column":19},"end":{"line":23,"column":null}},"7":{"start":{"line":25,"column":4},"end":{"line":30,"column":null}},"8":{"start":{"line":26,"column":6},"end":{"line":29,"column":null}},"9":{"start":{"line":32,"column":4},"end":{"line":32,"column":null}},"10":{"start":{"line":37,"column":20},"end":{"line":37,"column":null}},"11":{"start":{"line":39,"column":2},"end":{"line":39,"column":null}},"12":{"start":{"line":42,"column":19},"end":{"line":54,"column":null}},"13":{"start":{"line":56,"column":4},"end":{"line":61,"column":null}},"14":{"start":{"line":57,"column":6},"end":{"line":60,"column":null}},"15":{"start":{"line":63,"column":4},"end":{"line":63,"column":null}},"16":{"start":{"line":68,"column":2},"end":{"line":68,"column":null}},"17":{"start":{"line":69,"column":2},"end":{"line":69,"column":null}},"18":{"start":{"line":70,"column":2},"end":{"line":70,"column":null}},"19":{"start":{"line":72,"column":2},"end":{"line":72,"column":null}},"20":{"start":{"line":75,"column":19},"end":{"line":89,"column":null}},"21":{"start":{"line":91,"column":4},"end":{"line":91,"column":null}},"22":{"start":{"line":96,"column":22},"end":{"line":96,"column":null}},"23":{"start":{"line":98,"column":2},"end":{"line":104,"column":null}},"24":{"start":{"line":103,"column":4},"end":{"line":103,"column":null}},"25":{"start":{"line":106,"column":2},"end":{"line":108,"column":null}},"26":{"start":{"line":107,"column":4},"end":{"line":107,"column":null}},"27":{"start":{"line":110,"column":2},"end":{"line":112,"column":null}},"28":{"start":{"line":111,"column":4},"end":{"line":111,"column":null}},"29":{"start":{"line":114,"column":28},"end":{"line":114,"column":null}},"30":{"start":{"line":116,"column":2},"end":{"line":116,"column":null}},"31":{"start":{"line":119,"column":20},"end":{"line":140,"column":null}},"32":{"start":{"line":142,"column":4},"end":{"line":142,"column":null}},"33":{"start":{"line":147,"column":17},"end":{"line":157,"column":null}},"34":{"start":{"line":159,"column":2},"end":{"line":164,"column":null}},"35":{"start":{"line":160,"column":4},"end":{"line":163,"column":null}},"36":{"start":{"line":168,"column":17},"end":{"line":178,"column":null}},"37":{"start":{"line":180,"column":2},"end":{"line":185,"column":null}},"38":{"start":{"line":181,"column":4},"end":{"line":184,"column":null}},"39":{"start":{"line":189,"column":25},"end":{"line":189,"column":null}},"40":{"start":{"line":191,"column":2},"end":{"line":191,"column":null}},"41":{"start":{"line":194,"column":13},"end":{"line":199,"column":null}},"42":{"start":{"line":201,"column":15},"end":{"line":201,"column":null}}},"fnMap":{"0":{"name":"findOneByUsername","decl":{"start":{"line":5,"column":15},"end":{"line":5,"column":33}},"loc":{"start":{"line":5,"column":41},"end":{"line":34,"column":null}}},"1":{"name":"runSelectQuery","decl":{"start":{"line":10,"column":17},"end":{"line":10,"column":32}},"loc":{"start":{"line":10,"column":40},"end":{"line":33,"column":null}}},"2":{"name":"findOneByEmail","decl":{"start":{"line":36,"column":15},"end":{"line":36,"column":30}},"loc":{"start":{"line":36,"column":35},"end":{"line":65,"column":null}}},"3":{"name":"runSelectQuery","decl":{"start":{"line":41,"column":17},"end":{"line":41,"column":32}},"loc":{"start":{"line":41,"column":37},"end":{"line":64,"column":null}}},"4":{"name":"create","decl":{"start":{"line":67,"column":15},"end":{"line":67,"column":22}},"loc":{"start":{"line":67,"column":37},"end":{"line":93,"column":null}}},"5":{"name":"runInsertQuery","decl":{"start":{"line":74,"column":17},"end":{"line":74,"column":32}},"loc":{"start":{"line":74,"column":47},"end":{"line":92,"column":null}}},"6":{"name":"update","decl":{"start":{"line":95,"column":15},"end":{"line":95,"column":22}},"loc":{"start":{"line":95,"column":47},"end":{"line":144,"column":null}}},"7":{"name":"runUpdateQuery","decl":{"start":{"line":118,"column":17},"end":{"line":118,"column":32}},"loc":{"start":{"line":118,"column":49},"end":{"line":143,"column":null}}},"8":{"name":"validateUniqueUsername","decl":{"start":{"line":146,"column":15},"end":{"line":146,"column":38}},"loc":{"start":{"line":146,"column":46},"end":{"line":165,"column":null}}},"9":{"name":"validateUniqueEmail","decl":{"start":{"line":167,"column":15},"end":{"line":167,"column":35}},"loc":{"start":{"line":167,"column":40},"end":{"line":186,"column":null}}},"10":{"name":"hashPasswordInObject","decl":{"start":{"line":188,"column":15},"end":{"line":188,"column":36}},"loc":{"start":{"line":188,"column":51},"end":{"line":192,"column":null}}}},"branchMap":{"0":{"loc":{"start":{"line":25,"column":4},"end":{"line":30,"column":null}},"type":"if","locations":[{"start":{"line":25,"column":4},"end":{"line":30,"column":null}}]},"1":{"loc":{"start":{"line":56,"column":4},"end":{"line":61,"column":null}},"type":"if","locations":[{"start":{"line":56,"column":4},"end":{"line":61,"column":null}}]},"2":{"loc":{"start":{"line":98,"column":2},"end":{"line":104,"column":null}},"type":"if","locations":[{"start":{"line":98,"column":2},"end":{"line":104,"column":null}}]},"3":{"loc":{"start":{"line":99,"column":4},"end":{"line":101,"column":null}},"type":"binary-expr","locations":[{"start":{"line":99,"column":4},"end":{"line":99,"column":null}},{"start":{"line":100,"column":4},"end":{"line":101,"column":null}}]},"4":{"loc":{"start":{"line":106,"column":2},"end":{"line":108,"column":null}},"type":"if","locations":[{"start":{"line":106,"column":2},"end":{"line":108,"column":null}}]},"5":{"loc":{"start":{"line":110,"column":2},"end":{"line":112,"column":null}},"type":"if","locations":[{"start":{"line":110,"column":2},"end":{"line":112,"column":null}}]},"6":{"loc":{"start":{"line":159,"column":2},"end":{"line":164,"column":null}},"type":"if","locations":[{"start":{"line":159,"column":2},"end":{"line":164,"column":null}}]},"7":{"loc":{"start":{"line":180,"column":2},"end":{"line":185,"column":null}},"type":"if","locations":[{"start":{"line":180,"column":2},"end":{"line":185,"column":null}}]}},"s":{"0":14,"1":8,"2":8,"3":8,"4":2,"5":2,"6":2,"7":2,"8":0,"9":2,"10":0,"11":0,"12":0,"13":0,"14":0,"15":0,"16":12,"17":12,"18":12,"19":12,"20":12,"21":12,"22":0,"23":0,"24":0,"25":0,"26":0,"27":0,"28":0,"29":0,"30":0,"31":0,"32":0,"33":12,"34":12,"35":0,"36":12,"37":12,"38":0,"39":12,"40":12,"41":8,"42":8},"f":{"0":2,"1":2,"2":0,"3":0,"4":12,"5":12,"6":0,"7":0,"8":12,"9":12,"10":12},"b":{"0":[0],"1":[0],"2":[0],"3":[0,0],"4":[0],"5":[0],"6":[0],"7":[0]}}
,"/workspaces/clone-tabnews/tests/orchestrator.js": {"path":"/workspaces/clone-tabnews/tests/orchestrator.js","statementMap":{"0":{"start":{"line":49,"column":0},"end":{"line":49,"column":15}},"1":{"start":{"line":1,"column":22},"end":{"line":1,"column":null}},"2":{"start":{"line":2,"column":18},"end":{"line":2,"column":null}},"3":{"start":{"line":3,"column":21},"end":{"line":3,"column":null}},"4":{"start":{"line":4,"column":21},"end":{"line":4,"column":null}},"5":{"start":{"line":5,"column":17},"end":{"line":5,"column":null}},"6":{"start":{"line":8,"column":2},"end":{"line":8,"column":null}},"7":{"start":{"line":11,"column":4},"end":{"line":14,"column":null}},"8":{"start":{"line":17,"column":23},"end":{"line":17,"column":null}},"9":{"start":{"line":18,"column":6},"end":{"line":20,"column":null}},"10":{"start":{"line":19,"column":8},"end":{"line":19,"column":null}},"11":{"start":{"line":26,"column":2},"end":{"line":26,"column":null}},"12":{"start":{"line":30,"column":2},"end":{"line":30,"column":null}},"13":{"start":{"line":34,"column":2},"end":{"line":39,"column":null}},"14":{"start":{"line":42,"column":21},"end":{"line":47,"column":null}},"15":{"start":{"line":49,"column":15},"end":{"line":49,"column":null}}},"fnMap":{"0":{"name":"waitForAllService","decl":{"start":{"line":7,"column":15},"end":{"line":7,"column":null}},"loc":{"start":{"line":7,"column":15},"end":{"line":23,"column":null}}},"1":{"name":"waitForWebServer","decl":{"start":{"line":10,"column":17},"end":{"line":10,"column":null}},"loc":{"start":{"line":10,"column":17},"end":{"line":22,"column":null}}},"2":{"name":"fetchStatusPage","decl":{"start":{"line":16,"column":19},"end":{"line":16,"column":null}},"loc":{"start":{"line":16,"column":19},"end":{"line":21,"column":null}}},"3":{"name":"clearDatabase","decl":{"start":{"line":25,"column":15},"end":{"line":25,"column":null}},"loc":{"start":{"line":25,"column":15},"end":{"line":27,"column":null}}},"4":{"name":"runPendingMigrations","decl":{"start":{"line":29,"column":15},"end":{"line":29,"column":null}},"loc":{"start":{"line":29,"column":15},"end":{"line":31,"column":null}}},"5":{"name":"createUser","decl":{"start":{"line":33,"column":15},"end":{"line":33,"column":26}},"loc":{"start":{"line":33,"column":36},"end":{"line":40,"column":null}}}},"branchMap":{"0":{"loc":{"start":{"line":18,"column":6},"end":{"line":20,"column":null}},"type":"if","locations":[{"start":{"line":18,"column":6},"end":{"line":20,"column":null}}]},"1":{"loc":{"start":{"line":36,"column":6},"end":{"line":36,"column":null}},"type":"binary-expr","locations":[{"start":{"line":36,"column":6},"end":{"line":36,"column":30}},{"start":{"line":36,"column":30},"end":{"line":36,"column":null}}]},"2":{"loc":{"start":{"line":37,"column":11},"end":{"line":37,"column":null}},"type":"binary-expr","locations":[{"start":{"line":37,"column":11},"end":{"line":37,"column":32}},{"start":{"line":37,"column":32},"end":{"line":37,"column":null}}]},"3":{"loc":{"start":{"line":38,"column":14},"end":{"line":38,"column":null}},"type":"binary-expr","locations":[{"start":{"line":38,"column":14},"end":{"line":38,"column":38}},{"start":{"line":38,"column":38},"end":{"line":38,"column":null}}]}},"s":{"0":30,"1":8,"2":8,"3":8,"4":8,"5":8,"6":8,"7":8,"8":8,"9":8,"10":0,"11":6,"12":4,"13":12,"14":8,"15":8},"f":{"0":8,"1":8,"2":8,"3":6,"4":4,"5":12},"b":{"0":[0],"1":[12,8],"2":[12,8],"3":[12,10]}}
}
