TN:
SF:infra/database.js
FN:4,query
FN:22,getNewClient
FNF:2
FNH:2
FNDA:44,query
FNDA:48,getNewClient
DA:1,8
DA:2,8
DA:7,44
DA:8,44
DA:9,44
DA:10,44
DA:12,0
DA:16,0
DA:18,44
DA:23,48
DA:32,48
DA:34,48
DA:37,8
DA:42,48
LF:14
LH:12
BRF:0
BRH:0
end_of_record
TN:
SF:infra/errors.js
FN:2,(anonymous_7)
FN:11,(anonymous_8)
FN:22,(anonymous_9)
FN:29,(anonymous_10)
FN:40,(anonymous_11)
FN:50,(anonymous_12)
FN:61,(anonymous_13)
FN:70,(anonymous_14)
FN:81,(anonymous_15)
FN:90,(anonymous_16)
FN:101,(anonymous_17)
FN:109,(anonymous_18)
FNF:12
FNH:0
FNDA:0,(anonymous_7)
FNDA:0,(anonymous_8)
FNDA:0,(anonymous_9)
FNDA:0,(anonymous_10)
FNDA:0,(anonymous_11)
FNDA:0,(anonymous_12)
FNDA:0,(anonymous_13)
FNDA:0,(anonymous_14)
FNDA:0,(anonymous_15)
FNDA:0,(anonymous_16)
FNDA:0,(anonymous_17)
FNDA:0,(anonymous_18)
DA:1,0
DA:3,0
DA:6,0
DA:7,0
DA:8,0
DA:12,0
DA:21,0
DA:23,0
DA:24,0
DA:25,0
DA:26,0
DA:30,0
DA:39,0
DA:41,0
DA:44,0
DA:45,0
DA:47,0
DA:51,0
DA:60,0
DA:62,0
DA:65,0
DA:66,0
DA:67,0
DA:71,0
DA:80,0
DA:82,0
DA:85,0
DA:86,0
DA:87,0
DA:91,0
DA:100,0
DA:102,0
DA:103,0
DA:104,0
DA:106,0
DA:110,0
LF:36
LH:0
BRDA:8,0,0,0
BRDA:8,0,1,0
BRDA:23,1,0,0
BRDA:23,1,1,0
BRDA:25,2,0,0
BRDA:25,2,1,0
BRDA:41,3,0,0
BRDA:41,3,1,0
BRDA:46,4,0,0
BRDA:46,4,1,0
BRDA:62,5,0,0
BRDA:62,5,1,0
BRDA:66,6,0,0
BRDA:66,6,1,0
BRDA:82,7,0,0
BRDA:82,7,1,0
BRF:16
BRH:0
end_of_record
TN:
SF:infra/migrations/1764286954345_create-users.js
FN:1,(anonymous_0)
FNF:1
FNH:1
FNDA:4,(anonymous_0)
DA:1,4
DA:2,4
DA:36,4
LF:3
LH:3
BRF:0
BRH:0
end_of_record
TN:
SF:infra/migrations/1765138952201_create-sessions.js
FN:1,(anonymous_0)
FNF:1
FNH:1
FNDA:4,(anonymous_0)
DA:1,4
DA:2,4
DA:34,4
LF:3
LH:3
BRF:0
BRH:0
end_of_record
TN:
SF:models/migrator.js
FN:10,(anonymous_2)
FN:13,migrationsRunner
FN:39,listPendingMigrations
FN:43,runPendingMigrations
FNF:4
FNH:3
FNDA:20,(anonymous_2)
FNDA:4,migrationsRunner
FNDA:0,listPendingMigrations
FNDA:4,runPendingMigrations
DA:1,8
DA:2,8
DA:3,8
DA:4,8
DA:6,8
DA:16,4
DA:17,4
DA:19,4
DA:24,4
DA:26,4
DA:28,0
DA:32,0
DA:33,0
DA:35,4
DA:40,0
DA:44,4
DA:47,8
DA:52,8
LF:18
LH:14
BRDA:13,0,0,0
BRDA:13,1,0,0
BRDA:28,2,0,0
BRDA:28,2,1,0
BRF:4
BRH:0
end_of_record
TN:
SF:models/password.js
FN:3,hash
FN:8,compare
FNF:2
FNH:2
FNDA:12,hash
FNDA:4,compare
DA:1,8
DA:4,12
DA:5,12
DA:9,4
DA:12,8
DA:17,16
LF:6
LH:6
BRF:0
BRH:0
end_of_record
TN:
SF:models/session.js
FN:6,create
FN:13,runInsertQuery
FNF:2
FNH:0
FNDA:0,create
FNDA:0,runInsertQuery
DA:1,1
DA:2,1
DA:4,1
DA:7,0
DA:8,0
DA:10,0
DA:11,0
DA:14,0
DA:26,0
DA:30,1
DA:35,2
LF:11
LH:5
BRF:0
BRH:0
end_of_record
TN:
SF:models/user.js
FN:5,findOneByUsername
FN:10,runSelectQuery
FN:36,findOneByEmail
FN:41,runSelectQuery
FN:67,create
FN:74,runInsertQuery
FN:95,update
FN:118,runUpdateQuery
FN:146,validateUniqueUsername
FN:167,validateUniqueEmail
FN:188,hashPasswordInObject
FNF:11
FNH:7
FNDA:2,findOneByUsername
FNDA:2,runSelectQuery
FNDA:0,findOneByEmail
FNDA:0,runSelectQuery
FNDA:12,create
FNDA:12,runInsertQuery
FNDA:0,update
FNDA:0,runUpdateQuery
FNDA:12,validateUniqueUsername
FNDA:12,validateUniqueEmail
FNDA:12,hashPasswordInObject
DA:1,8
DA:2,8
DA:3,8
DA:6,2
DA:8,2
DA:11,2
DA:25,2
DA:26,0
DA:32,2
DA:37,0
DA:39,0
DA:42,0
DA:56,0
DA:57,0
DA:63,0
DA:68,12
DA:69,12
DA:70,12
DA:72,12
DA:75,12
DA:91,12
DA:96,0
DA:98,0
DA:103,0
DA:106,0
DA:107,0
DA:110,0
DA:111,0
DA:114,0
DA:116,0
DA:119,0
DA:142,0
DA:147,12
DA:159,12
DA:160,0
DA:168,12
DA:180,12
DA:181,0
DA:189,12
DA:191,12
DA:194,8
DA:201,14
LF:42
LH:22
BRDA:25,0,0,0
BRDA:56,1,0,0
BRDA:98,2,0,0
BRDA:99,3,0,0
BRDA:99,3,1,0
BRDA:106,4,0,0
BRDA:110,5,0,0
BRDA:159,6,0,0
BRDA:180,7,0,0
BRF:9
BRH:0
end_of_record
TN:
SF:tests/orchestrator.js
FN:7,waitForAllService
FN:10,waitForWebServer
FN:16,fetchStatusPage
FN:25,clearDatabase
FN:29,runPendingMigrations
FN:33,createUser
FNF:6
FNH:6
FNDA:8,waitForAllService
FNDA:8,waitForWebServer
FNDA:8,fetchStatusPage
FNDA:6,clearDatabase
FNDA:4,runPendingMigrations
FNDA:12,createUser
DA:1,8
DA:2,8
DA:3,8
DA:4,8
DA:5,8
DA:8,8
DA:11,8
DA:17,8
DA:18,8
DA:19,0
DA:26,6
DA:30,4
DA:34,12
DA:42,8
DA:49,30
LF:15
LH:14
BRDA:18,0,0,0
BRDA:36,1,0,12
BRDA:36,1,1,8
BRDA:37,2,0,12
BRDA:37,2,1,8
BRDA:38,3,0,12
BRDA:38,3,1,10
BRF:7
BRH:6
end_of_record
